<?xml version="1.0" encoding="UTF-8"?>
<!-- Generated by org.testng.reporters.JUnitReportReporter -->
<testsuite skipped="0" hostname="ZenBook" name="by.epam.tstbooking.bookingtest.tstBookingCom" tests="7" failures="0" timestamp="05 апр 2018 05:18:53 GMT" time="107.463" errors="0">
  <testcase name="DestnationSetTest" time="2.970" classname="by.epam.tstbooking.bookingtest.tstBookingCom"/>
  <testcase name="ConcreteResultTest" time="6.214" classname="by.epam.tstbooking.bookingtest.tstBookingCom"/>
  <testcase name="emptyAndWrongDestinationTest" time="20.003" classname="by.epam.tstbooking.bookingtest.tstBookingCom"/>
  <testcase name="resultStringTest" time="6.277" classname="by.epam.tstbooking.bookingtest.tstBookingCom"/>
  <testcase name="childrenOptionListTest" time="22.890" classname="by.epam.tstbooking.bookingtest.tstBookingCom"/>
  <testcase name="DatesTest" time="29.164" classname="by.epam.tstbooking.bookingtest.tstBookingCom"/>
  <testcase name="inputDataSubmitTest" time="19.945" classname="by.epam.tstbooking.bookingtest.tstBookingCom"/>
</testsuite> <!-- by.epam.tstbooking.bookingtest.tstBookingCom -->
